#
# There is insufficient memory for the Java Runtime Environment to continue.
# Native memory allocation (malloc) failed to allocate 1280656 bytes for Chunk::new
# Possible reasons:
#   The system is out of physical RAM or swap space
#   The process is running with CompressedOops enabled, and the Java Heap may be blocking the growth of the native heap
# Possible solutions:
#   Reduce memory load on the system
#   Increase physical memory or swap space
#   Check if swap backing store is full
#   Decrease Java heap size (-Xmx/-Xms)
#   Decrease number of Java threads
#   Decrease Java thread stack sizes (-Xss)
#   Set larger code cache with -XX:ReservedCodeCacheSize=
#   JVM is running with Unscaled Compressed Oops mode in which the Java heap is
#     placed in the first 4GB address space. The Java Heap base address is the
#     maximum limit for the native heap growth. Please use -XX:HeapBaseMinAddress
#     to set the Java Heap base and to place the Java Heap above 4GB virtual address.
# This output file may be truncated or incomplete.
#
#  Out of Memory Error (./src/hotspot/share/memory/arena.cpp:197), pid=11864, tid=13788
#
# JRE version: OpenJDK Runtime Environment (11.0.12+7) (build 11.0.12+7-b1504.28-7817840)
# Java VM: OpenJDK 64-Bit Server VM (11.0.12+7-b1504.28-7817840, mixed mode, tiered, compressed oops, g1 gc, windows-amd64)
# No core dump will be written. Minidumps are not enabled by default on client versions of Windows
#

---------------  S U M M A R Y ------------

Command Line: --add-opens=java.base/java.util=ALL-UNNAMED --add-opens=java.base/java.lang=ALL-UNNAMED --add-opens=java.base/java.lang.invoke=ALL-UNNAMED --add-opens=java.base/java.util=ALL-UNNAMED --add-opens=java.prefs/java.util.prefs=ALL-UNNAMED --add-opens=java.prefs/java.util.prefs=ALL-UNNAMED --add-opens=java.base/java.nio.charset=ALL-UNNAMED --add-opens=java.base/java.net=ALL-UNNAMED --add-opens=java.base/java.util.concurrent.atomic=ALL-UNNAMED -Xmx2048m -Dfile.encoding=UTF-8 -Duser.country=US -Duser.language=en -Duser.variant org.gradle.launcher.daemon.bootstrap.GradleDaemon 7.3.3

Host: Intel(R) Core(TM) i5-7200U CPU @ 2.50GHz, 4 cores, 11G,  Windows 10 , 64 bit Build 19041 (10.0.19041.1741)
Time: Mon Jul 11 13:39:41 2022 SE Asia Standard Time elapsed time: 19.139667 seconds (0d 0h 0m 19s)

---------------  T H R E A D  ---------------

Current thread (0x0000025c06bac000):  JavaThread "C2 CompilerThread1" daemon [_thread_in_native, id=13788, stack(0x0000008f56a00000,0x0000008f56b00000)]


Current CompileTask:
C2:  19139 3902       4       jdk.internal.org.objectweb.asm.Frame::execute (2264 bytes)

Stack: [0x0000008f56a00000,0x0000008f56b00000]
Native frames: (J=compiled Java code, j=interpreted, Vv=VM code, C=native code)
V  [jvm.dll+0x5fbcea]
V  [jvm.dll+0x731905]
V  [jvm.dll+0x732f1d]
V  [jvm.dll+0x7335d3]
V  [jvm.dll+0x247bf8]
V  [jvm.dll+0xc018c]
V  [jvm.dll+0xc06cc]
V  [jvm.dll+0x35b2db]
V  [jvm.dll+0x328803]
V  [jvm.dll+0x327cfa]
V  [jvm.dll+0x200602]
V  [jvm.dll+0x1ff794]
V  [jvm.dll+0x18868c]
V  [jvm.dll+0x20e0d7]
V  [jvm.dll+0x20c901]
V  [jvm.dll+0x6f9b7f]
V  [jvm.dll+0x6f26a5]
V  [jvm.dll+0x5fabf6]
C  [ucrtbase.dll+0x21bb2]
C  [KERNEL32.DLL+0x17034]
C  [ntdll.dll+0x52651]


---------------  P R O C E S S  ---------------

Threads class SMR info:
_java_thread_list=0x0000025c064352c0, length=37, elements={
0x0000025c6ac1a000, 0x0000025c7e854800, 0x0000025c7e856000, 0x0000025c7e85e800,
0x0000025c7f0a7800, 0x0000025c7f0a8800, 0x0000025c7f0ae000, 0x0000025c7f0b5000,
0x0000025c7f0b7800, 0x0000025c7f214800, 0x0000025c06972800, 0x0000025c06620800,
0x0000025c0635c800, 0x0000025c07535800, 0x0000025c07bca800, 0x0000025c060a8800,
0x0000025c07ab4800, 0x0000025c06bb6000, 0x0000025c7f67a000, 0x0000025c064b4000,
0x0000025c064b4800, 0x0000025c064b5800, 0x0000025c064b3000, 0x0000025c064fd000,
0x0000025c064ff800, 0x0000025c064fe800, 0x0000025c06500000, 0x0000025c064fa800,
0x0000025c06bac000, 0x0000025c064fe000, 0x0000025c064fc000, 0x0000025c06504800,
0x0000025c06502800, 0x0000025c06501000, 0x0000025c06505000, 0x0000025c06506000,
0x0000025c06506800
}

Java Threads: ( => current thread )
  0x0000025c6ac1a000 JavaThread "main" [_thread_blocked, id=5248, stack(0x0000008f54400000,0x0000008f54500000)]
  0x0000025c7e854800 JavaThread "Reference Handler" daemon [_thread_blocked, id=3964, stack(0x0000008f54b00000,0x0000008f54c00000)]
  0x0000025c7e856000 JavaThread "Finalizer" daemon [_thread_blocked, id=6944, stack(0x0000008f54c00000,0x0000008f54d00000)]
  0x0000025c7e85e800 JavaThread "Signal Dispatcher" daemon [_thread_blocked, id=12700, stack(0x0000008f54d00000,0x0000008f54e00000)]
  0x0000025c7f0a7800 JavaThread "Attach Listener" daemon [_thread_blocked, id=3616, stack(0x0000008f54e00000,0x0000008f54f00000)]
  0x0000025c7f0a8800 JavaThread "Service Thread" daemon [_thread_blocked, id=5060, stack(0x0000008f54f00000,0x0000008f55000000)]
  0x0000025c7f0ae000 JavaThread "C2 CompilerThread0" daemon [_thread_in_native, id=3944, stack(0x0000008f55000000,0x0000008f55100000)]
  0x0000025c7f0b5000 JavaThread "C1 CompilerThread0" daemon [_thread_blocked, id=12828, stack(0x0000008f55100000,0x0000008f55200000)]
  0x0000025c7f0b7800 JavaThread "Sweeper thread" daemon [_thread_blocked, id=10504, stack(0x0000008f55200000,0x0000008f55300000)]
  0x0000025c7f214800 JavaThread "Common-Cleaner" daemon [_thread_blocked, id=3828, stack(0x0000008f55300000,0x0000008f55400000)]
  0x0000025c06972800 JavaThread "Daemon health stats" [_thread_blocked, id=13376, stack(0x0000008f55800000,0x0000008f55900000)]
  0x0000025c06620800 JavaThread "Incoming local TCP Connector on port 51363" [_thread_in_native, id=1500, stack(0x0000008f55900000,0x0000008f55a00000)]
  0x0000025c0635c800 JavaThread "Daemon periodic checks" [_thread_blocked, id=14308, stack(0x0000008f55a00000,0x0000008f55b00000)]
  0x0000025c07535800 JavaThread "Daemon" [_thread_blocked, id=8680, stack(0x0000008f55b00000,0x0000008f55c00000)]
  0x0000025c07bca800 JavaThread "Handler for socket connection from /127.0.0.1:51363 to /127.0.0.1:51364" [_thread_in_native, id=5188, stack(0x0000008f55c00000,0x0000008f55d00000)]
  0x0000025c060a8800 JavaThread "Cancel handler" [_thread_blocked, id=7652, stack(0x0000008f55d00000,0x0000008f55e00000)]
  0x0000025c07ab4800 JavaThread "Daemon worker" [_thread_in_native, id=14304, stack(0x0000008f55e00000,0x0000008f55f00000)]
  0x0000025c06bb6000 JavaThread "Asynchronous log dispatcher for DefaultDaemonConnection: socket connection from /127.0.0.1:51363 to /127.0.0.1:51364" [_thread_blocked, id=2620, stack(0x0000008f55f00000,0x0000008f56000000)]
  0x0000025c7f67a000 JavaThread "Stdin handler" [_thread_blocked, id=10276, stack(0x0000008f56100000,0x0000008f56200000)]
  0x0000025c064b4000 JavaThread "Daemon client event forwarder" [_thread_blocked, id=1592, stack(0x0000008f56200000,0x0000008f56300000)]
  0x0000025c064b4800 JavaThread "Cache worker for journal cache (D:\Programs\Programs\instama-ovarian-cancer-master\instama-ovarian-cancer-master\.gradle\caches\journal-1)" [_thread_blocked, id=8700, stack(0x0000008f56300000,0x0000008f56400000)]
  0x0000025c064b5800 JavaThread "File lock request listener" [_thread_in_native, id=10456, stack(0x0000008f56400000,0x0000008f56500000)]
  0x0000025c064b3000 JavaThread "Cache worker for file hash cache (D:\Programs\Programs\instama-ovarian-cancer-master\instama-ovarian-cancer-master\.gradle\caches\7.3.3\fileHashes)" [_thread_blocked, id=12656, stack(0x0000008f56500000,0x0000008f56600000)]
  0x0000025c064fd000 JavaThread "Cache worker for file hash cache (D:\Programs\Programs\MyApp\.gradle\7.3.3\fileHashes)" [_thread_blocked, id=10228, stack(0x0000008f56600000,0x0000008f56700000)]
  0x0000025c064ff800 JavaThread "File watcher server" daemon [_thread_in_native, id=1144, stack(0x0000008f56700000,0x0000008f56800000)]
  0x0000025c064fe800 JavaThread "File watcher consumer" daemon [_thread_blocked, id=980, stack(0x0000008f56800000,0x0000008f56900000)]
  0x0000025c06500000 JavaThread "Cache worker for checksums cache (D:\Programs\Programs\MyApp\.gradle\7.3.3\checksums)" [_thread_blocked, id=7540, stack(0x0000008f56000000,0x0000008f56100000)]
  0x0000025c064fa800 JavaThread "Cache worker for cache directory md-supplier (D:\Programs\Programs\instama-ovarian-cancer-master\instama-ovarian-cancer-master\.gradle\caches\7.3.3\md-supplier)" [_thread_blocked, id=9000, stack(0x0000008f56900000,0x0000008f56a00000)]
=>0x0000025c06bac000 JavaThread "C2 CompilerThread1" daemon [_thread_in_native, id=13788, stack(0x0000008f56a00000,0x0000008f56b00000)]
  0x0000025c064fe000 JavaThread "Cache worker for cache directory md-rule (D:\Programs\Programs\instama-ovarian-cancer-master\instama-ovarian-cancer-master\.gradle\caches\7.3.3\md-rule)" [_thread_blocked, id=14324, stack(0x0000008f56b00000,0x0000008f56c00000)]
  0x0000025c064fc000 JavaThread "Cache worker for execution history cache (D:\Programs\Programs\instama-ovarian-cancer-master\instama-ovarian-cancer-master\.gradle\caches\7.3.3\executionHistory)" [_thread_blocked, id=7032, stack(0x0000008f56c00000,0x0000008f56d00000)]
  0x0000025c06504800 JavaThread "jar transforms" [_thread_blocked, id=2576, stack(0x0000008f56d00000,0x0000008f56e00000)]
  0x0000025c06502800 JavaThread "Cache worker for file content cache (D:\Programs\Programs\instama-ovarian-cancer-master\instama-ovarian-cancer-master\.gradle\caches\7.3.3\fileContent)" [_thread_blocked, id=12576, stack(0x0000008f56e00000,0x0000008f56f00000)]
  0x0000025c06501000 JavaThread "jar transforms Thread 2" [_thread_blocked, id=9348, stack(0x0000008f56f00000,0x0000008f57000000)]
  0x0000025c06505000 JavaThread "Cache worker for dependencies-accessors (D:\Programs\Programs\MyApp\.gradle\7.3.3\dependencies-accessors)" [_thread_blocked, id=5028, stack(0x0000008f57000000,0x0000008f57100000)]
  0x0000025c06506000 JavaThread "jar transforms Thread 3" [_thread_blocked, id=5008, stack(0x0000008f57100000,0x0000008f57200000)]
  0x0000025c06506800 JavaThread "Cache worker for Build Output Cleanup Cache (D:\Programs\Programs\MyApp\.gradle\buildOutputCleanup)" [_thread_blocked, id=12136, stack(0x0000008f57200000,0x0000008f57300000)]

Other Threads:
  0x0000025c7e840000 VMThread "VM Thread" [stack: 0x0000008f54a00000,0x0000008f54b00000] [id=2144]
  0x0000025c7f220000 WatcherThread [stack: 0x0000008f55400000,0x0000008f55500000] [id=7164]
  0x0000025c6ac34000 GCTaskThread "GC Thread#0" [stack: 0x0000008f54500000,0x0000008f54600000] [id=860]
  0x0000025c7f88f800 GCTaskThread "GC Thread#1" [stack: 0x0000008f55500000,0x0000008f55600000] [id=12540]
  0x0000025c7f338000 GCTaskThread "GC Thread#2" [stack: 0x0000008f55600000,0x0000008f55700000] [id=10648]
  0x0000025c7f7d3800 GCTaskThread "GC Thread#3" [stack: 0x0000008f55700000,0x0000008f55800000] [id=10408]
  0x0000025c6ac64000 ConcurrentGCThread "G1 Main Marker" [stack: 0x0000008f54600000,0x0000008f54700000] [id=3496]
  0x0000025c6ac65800 ConcurrentGCThread "G1 Conc#0" [stack: 0x0000008f54700000,0x0000008f54800000] [id=13020]
  0x0000025c6acfd800 ConcurrentGCThread "G1 Refine#0" [stack: 0x0000008f54800000,0x0000008f54900000] [id=14088]
  0x0000025c7e690800 ConcurrentGCThread "G1 Young RemSet Sampling" [stack: 0x0000008f54900000,0x0000008f54a00000] [id=240]

Threads with active compile tasks:
C2 CompilerThread0  19189 3935       4       org.objectweb.asm.Frame::execute (2318 bytes)
C1 CompilerThread0  19189 3968       3       com.google.common.collect.ImmutableList::copyOf (44 bytes)
C2 CompilerThread1  19189 3902       4       jdk.internal.org.objectweb.asm.Frame::execute (2264 bytes)

VM state:not at safepoint (normal execution)

VM Mutex/Monitor currently owned by a thread: None

Heap address: 0x0000000080000000, size: 2048 MB, Compressed Oops mode: 32-bit
Narrow klass base: 0x0000000000000000, Narrow klass shift: 3
Compressed class space size: 1073741824 Address: 0x0000000100000000

Heap:
 garbage-first heap   total 196608K, used 41829K [0x0000000080000000, 0x0000000100000000)
  region size 1024K, 20 young (20480K), 8 survivors (8192K)
 Metaspace       used 47405K, capacity 48601K, committed 48716K, reserved 1091584K
  class space    used 6117K, capacity 6522K, committed 6528K, reserved 1048576K
Heap Regions: E=young(eden), S=young(survivor), O=old, HS=humongous(starts), HC=humongous(continues), CS=collection set, F=free, A=archive, TAMS=top-at-mark-start (previous, next)
|   0|0x0000000080000000, 0x0000000080100000, 0x0000000080100000|100%|HS|  |TAMS 0x0000000080100000, 0x0000000080000000| Complete 
|   1|0x0000000080100000, 0x0000000080200000, 0x0000000080200000|100%|HC|  |TAMS 0x0000000080200000, 0x0000000080100000| Complete 
|   2|0x0000000080200000, 0x0000000080300000, 0x0000000080300000|100%|HC|  |TAMS 0x0000000080300000, 0x0000000080200000| Complete 
|   3|0x0000000080300000, 0x0000000080400000, 0x0000000080400000|100%| O|  |TAMS 0x0000000080400000, 0x0000000080300000| Untracked 
|   4|0x0000000080400000, 0x0000000080500000, 0x0000000080500000|100%| O|  |TAMS 0x0000000080500000, 0x0000000080400000| Untracked 
|   5|0x0000000080500000, 0x0000000080600000, 0x0000000080600000|100%| O|  |TAMS 0x0000000080600000, 0x0000000080500000| Untracked 
|   6|0x0000000080600000, 0x0000000080700000, 0x0000000080700000|100%| O|  |TAMS 0x0000000080700000, 0x0000000080600000| Untracked 
|   7|0x0000000080700000, 0x0000000080800000, 0x0000000080800000|100%| O|  |TAMS 0x0000000080800000, 0x0000000080700000| Untracked 
|   8|0x0000000080800000, 0x0000000080900000, 0x0000000080900000|100%| O|  |TAMS 0x0000000080900000, 0x0000000080800000| Untracked 
|   9|0x0000000080900000, 0x0000000080a00000, 0x0000000080a00000|100%| O|  |TAMS 0x0000000080a00000, 0x0000000080900000| Untracked 
|  10|0x0000000080a00000, 0x0000000080b00000, 0x0000000080b00000|100%| O|  |TAMS 0x0000000080b00000, 0x0000000080a00000| Untracked 
|  11|0x0000000080b00000, 0x0000000080c00000, 0x0000000080c00000|100%| O|  |TAMS 0x0000000080c00000, 0x0000000080b00000| Untracked 
|  12|0x0000000080c00000, 0x0000000080d00000, 0x0000000080d00000|100%| O|  |TAMS 0x0000000080d00000, 0x0000000080c00000| Untracked 
|  13|0x0000000080d00000, 0x0000000080e00000, 0x0000000080e00000|100%| O|  |TAMS 0x0000000080e00000, 0x0000000080d00000| Untracked 
|  14|0x0000000080e00000, 0x0000000080f00000, 0x0000000080f00000|100%| O|  |TAMS 0x0000000080f00000, 0x0000000080e00000| Untracked 
|  15|0x0000000080f00000, 0x0000000081000000, 0x0000000081000000|100%| O|  |TAMS 0x0000000081000000, 0x0000000080f00000| Untracked 
|  16|0x0000000081000000, 0x0000000081100000, 0x0000000081100000|100%| O|  |TAMS 0x000000008107b200, 0x0000000081000000| Untracked 
|  17|0x0000000081100000, 0x0000000081100000, 0x0000000081200000|  0%| F|  |TAMS 0x0000000081100000, 0x0000000081100000| Untracked 
|  18|0x0000000081200000, 0x0000000081300000, 0x0000000081300000|100%| O|  |TAMS 0x0000000081200000, 0x0000000081200000| Untracked 
|  19|0x0000000081300000, 0x0000000081400000, 0x0000000081400000|100%| O|  |TAMS 0x0000000081300000, 0x0000000081300000| Untracked 
|  20|0x0000000081400000, 0x0000000081500000, 0x0000000081500000|100%| O|  |TAMS 0x0000000081400000, 0x0000000081400000| Untracked 
|  21|0x0000000081500000, 0x0000000081600000, 0x0000000081600000|100%| O|  |TAMS 0x0000000081500000, 0x0000000081500000| Untracked 
|  22|0x0000000081600000, 0x00000000816d9400, 0x0000000081700000| 84%| O|  |TAMS 0x0000000081600000, 0x0000000081600000| Untracked 
|  23|0x0000000081700000, 0x0000000081700000, 0x0000000081800000|  0%| F|  |TAMS 0x0000000081700000, 0x0000000081700000| Untracked 
|  24|0x0000000081800000, 0x0000000081800000, 0x0000000081900000|  0%| F|  |TAMS 0x0000000081800000, 0x0000000081800000| Untracked 
|  25|0x0000000081900000, 0x0000000081900000, 0x0000000081a00000|  0%| F|  |TAMS 0x0000000081900000, 0x0000000081900000| Untracked 
|  26|0x0000000081a00000, 0x0000000081a00000, 0x0000000081b00000|  0%| F|  |TAMS 0x0000000081a00000, 0x0000000081a00000| Untracked 
|  27|0x0000000081b00000, 0x0000000081b00000, 0x0000000081c00000|  0%| F|  |TAMS 0x0000000081b00000, 0x0000000081b00000| Untracked 
|  28|0x0000000081c00000, 0x0000000081c00000, 0x0000000081d00000|  0%| F|  |TAMS 0x0000000081c00000, 0x0000000081c00000| Untracked 
|  29|0x0000000081d00000, 0x0000000081d00000, 0x0000000081e00000|  0%| F|  |TAMS 0x0000000081d00000, 0x0000000081d00000| Untracked 
|  30|0x0000000081e00000, 0x0000000081e00000, 0x0000000081f00000|  0%| F|  |TAMS 0x0000000081e00000, 0x0000000081e00000| Untracked 
|  31|0x0000000081f00000, 0x0000000081f00000, 0x0000000082000000|  0%| F|  |TAMS 0x0000000081f00000, 0x0000000081f00000| Untracked 
|  32|0x0000000082000000, 0x0000000082000000, 0x0000000082100000|  0%| F|  |TAMS 0x0000000082000000, 0x0000000082000000| Untracked 
|  33|0x0000000082100000, 0x0000000082100000, 0x0000000082200000|  0%| F|  |TAMS 0x0000000082100000, 0x0000000082100000| Untracked 
|  34|0x0000000082200000, 0x0000000082200000, 0x0000000082300000|  0%| F|  |TAMS 0x0000000082200000, 0x0000000082200000| Untracked 
|  35|0x0000000082300000, 0x0000000082300000, 0x0000000082400000|  0%| F|  |TAMS 0x0000000082300000, 0x0000000082300000| Untracked 
|  36|0x0000000082400000, 0x0000000082400000, 0x0000000082500000|  0%| F|  |TAMS 0x0000000082400000, 0x0000000082400000| Untracked 
|  37|0x0000000082500000, 0x0000000082500000, 0x0000000082600000|  0%| F|  |TAMS 0x0000000082500000, 0x0000000082500000| Untracked 
|  38|0x0000000082600000, 0x0000000082600000, 0x0000000082700000|  0%| F|  |TAMS 0x0000000082600000, 0x0000000082600000| Untracked 
|  39|0x0000000082700000, 0x0000000082700000, 0x0000000082800000|  0%| F|  |TAMS 0x0000000082700000, 0x0000000082700000| Untracked 
|  40|0x0000000082800000, 0x0000000082800000, 0x0000000082900000|  0%| F|  |TAMS 0x0000000082800000, 0x0000000082800000| Untracked 
|  41|0x0000000082900000, 0x0000000082900000, 0x0000000082a00000|  0%| F|  |TAMS 0x0000000082900000, 0x0000000082900000| Untracked 
|  42|0x0000000082a00000, 0x0000000082a00000, 0x0000000082b00000|  0%| F|  |TAMS 0x0000000082a00000, 0x0000000082a00000| Untracked 
|  43|0x0000000082b00000, 0x0000000082b00000, 0x0000000082c00000|  0%| F|  |TAMS 0x0000000082b00000, 0x0000000082b00000| Untracked 
|  44|0x0000000082c00000, 0x0000000082c00000, 0x0000000082d00000|  0%| F|  |TAMS 0x0000000082c00000, 0x0000000082c00000| Untracked 
|  45|0x0000000082d00000, 0x0000000082d00000, 0x0000000082e00000|  0%| F|  |TAMS 0x0000000082d00000, 0x0000000082d00000| Untracked 
|  46|0x0000000082e00000, 0x0000000082e00000, 0x0000000082f00000|  0%| F|  |TAMS 0x0000000082e00000, 0x0000000082e00000| Untracked 
|  47|0x0000000082f00000, 0x0000000082f00000, 0x0000000083000000|  0%| F|  |TAMS 0x0000000082f00000, 0x0000000082f00000| Untracked 
|  48|0x0000000083000000, 0x0000000083000000, 0x0000000083100000|  0%| F|  |TAMS 0x0000000083000000, 0x0000000083000000| Untracked 
|  49|0x0000000083100000, 0x0000000083100000, 0x0000000083200000|  0%| F|  |TAMS 0x0000000083100000, 0x0000000083100000| Untracked 
|  50|0x0000000083200000, 0x0000000083200000, 0x0000000083300000|  0%| F|  |TAMS 0x0000000083200000, 0x0000000083200000| Untracked 
|  51|0x0000000083300000, 0x0000000083300000, 0x0000000083400000|  0%| F|  |TAMS 0x0000000083300000, 0x0000000083300000| Untracked 
|  52|0x0000000083400000, 0x0000000083400000, 0x0000000083500000|  0%| F|  |TAMS 0x0000000083400000, 0x0000000083400000| Untracked 
|  53|0x0000000083500000, 0x0000000083500000, 0x0000000083600000|  0%| F|  |TAMS 0x0000000083500000, 0x0000000083500000| Untracked 
|  54|0x0000000083600000, 0x0000000083600000, 0x0000000083700000|  0%| F|  |TAMS 0x0000000083600000, 0x0000000083600000| Untracked 
|  55|0x0000000083700000, 0x0000000083700000, 0x0000000083800000|  0%| F|  |TAMS 0x0000000083700000, 0x0000000083700000| Untracked 
|  56|0x0000000083800000, 0x0000000083800000, 0x0000000083900000|  0%| F|  |TAMS 0x0000000083800000, 0x0000000083800000| Untracked 
|  57|0x0000000083900000, 0x0000000083900000, 0x0000000083a00000|  0%| F|  |TAMS 0x0000000083900000, 0x0000000083900000| Untracked 
|  58|0x0000000083a00000, 0x0000000083a00000, 0x0000000083b00000|  0%| F|  |TAMS 0x0000000083a00000, 0x0000000083a00000| Untracked 
|  59|0x0000000083b00000, 0x0000000083b00000, 0x0000000083c00000|  0%| F|  |TAMS 0x0000000083b00000, 0x0000000083b00000| Untracked 
|  60|0x0000000083c00000, 0x0000000083c00000, 0x0000000083d00000|  0%| F|  |TAMS 0x0000000083c00000, 0x0000000083c00000| Untracked 
|  61|0x0000000083d00000, 0x0000000083d00000, 0x0000000083e00000|  0%| F|  |TAMS 0x0000000083d00000, 0x0000000083d00000| Untracked 
|  62|0x0000000083e00000, 0x0000000083e00000, 0x0000000083f00000|  0%| F|  |TAMS 0x0000000083e00000, 0x0000000083e00000| Untracked 
|  63|0x0000000083f00000, 0x0000000083f00000, 0x0000000084000000|  0%| F|  |TAMS 0x0000000083f00000, 0x0000000083f00000| Untracked 
|  64|0x0000000084000000, 0x0000000084000000, 0x0000000084100000|  0%| F|  |TAMS 0x0000000084000000, 0x0000000084000000| Untracked 
|  65|0x0000000084100000, 0x0000000084100000, 0x0000000084200000|  0%| F|  |TAMS 0x0000000084100000, 0x0000000084100000| Untracked 
|  66|0x0000000084200000, 0x0000000084200000, 0x0000000084300000|  0%| F|  |TAMS 0x0000000084200000, 0x0000000084200000| Untracked 
|  67|0x0000000084300000, 0x0000000084300000, 0x0000000084400000|  0%| F|  |TAMS 0x0000000084300000, 0x0000000084300000| Untracked 
|  68|0x0000000084400000, 0x0000000084400000, 0x0000000084500000|  0%| F|  |TAMS 0x0000000084400000, 0x0000000084400000| Untracked 
|  69|0x0000000084500000, 0x0000000084500000, 0x0000000084600000|  0%| F|  |TAMS 0x0000000084500000, 0x0000000084500000| Untracked 
|  70|0x0000000084600000, 0x0000000084600000, 0x0000000084700000|  0%| F|  |TAMS 0x0000000084600000, 0x0000000084600000| Untracked 
|  71|0x0000000084700000, 0x0000000084700000, 0x0000000084800000|  0%| F|  |TAMS 0x0000000084700000, 0x0000000084700000| Untracked 
|  72|0x0000000084800000, 0x0000000084800000, 0x0000000084900000|  0%| F|  |TAMS 0x0000000084800000, 0x0000000084800000| Untracked 
|  73|0x0000000084900000, 0x0000000084900000, 0x0000000084a00000|  0%| F|  |TAMS 0x0000000084900000, 0x0000000084900000| Untracked 
|  74|0x0000000084a00000, 0x0000000084a00000, 0x0000000084b00000|  0%| F|  |TAMS 0x0000000084a00000, 0x0000000084a00000| Untracked 
|  75|0x0000000084b00000, 0x0000000084b00000, 0x0000000084c00000|  0%| F|  |TAMS 0x0000000084b00000, 0x0000000084b00000| Untracked 
|  76|0x0000000084c00000, 0x0000000084c00000, 0x0000000084d00000|  0%| F|  |TAMS 0x0000000084c00000, 0x0000000084c00000| Untracked 
|  77|0x0000000084d00000, 0x0000000084d00000, 0x0000000084e00000|  0%| F|  |TAMS 0x0000000084d00000, 0x0000000084d00000| Untracked 
|  78|0x0000000084e00000, 0x0000000084e00000, 0x0000000084f00000|  0%| F|  |TAMS 0x0000000084e00000, 0x0000000084e00000| Untracked 
|  79|0x0000000084f00000, 0x0000000084f00000, 0x0000000085000000|  0%| F|  |TAMS 0x0000000084f00000, 0x0000000084f00000| Untracked 
|  80|0x0000000085000000, 0x0000000085000000, 0x0000000085100000|  0%| F|  |TAMS 0x0000000085000000, 0x0000000085000000| Untracked 
|  81|0x0000000085100000, 0x0000000085100000, 0x0000000085200000|  0%| F|  |TAMS 0x0000000085100000, 0x0000000085100000| Untracked 
|  82|0x0000000085200000, 0x0000000085200000, 0x0000000085300000|  0%| F|  |TAMS 0x0000000085200000, 0x0000000085200000| Untracked 
|  83|0x0000000085300000, 0x0000000085300000, 0x0000000085400000|  0%| F|  |TAMS 0x0000000085300000, 0x0000000085300000| Untracked 
|  84|0x0000000085400000, 0x0000000085400000, 0x0000000085500000|  0%| F|  |TAMS 0x0000000085400000, 0x0000000085400000| Untracked 
|  85|0x0000000085500000, 0x0000000085500000, 0x0000000085600000|  0%| F|  |TAMS 0x0000000085500000, 0x0000000085500000| Untracked 
|  86|0x0000000085600000, 0x0000000085600000, 0x0000000085700000|  0%| F|  |TAMS 0x0000000085600000, 0x0000000085600000| Untracked 
|  87|0x0000000085700000, 0x0000000085700000, 0x0000000085800000|  0%| F|  |TAMS 0x0000000085700000, 0x0000000085700000| Untracked 
|  88|0x0000000085800000, 0x0000000085800000, 0x0000000085900000|  0%| F|  |TAMS 0x0000000085800000, 0x0000000085800000| Untracked 
|  89|0x0000000085900000, 0x0000000085900000, 0x0000000085a00000|  0%| F|  |TAMS 0x0000000085900000, 0x0000000085900000| Untracked 
|  90|0x0000000085a00000, 0x0000000085a00000, 0x0000000085b00000|  0%| F|  |TAMS 0x0000000085a00000, 0x0000000085a00000| Untracked 
|  91|0x0000000085b00000, 0x0000000085b00000, 0x0000000085c00000|  0%| F|  |TAMS 0x0000000085b00000, 0x0000000085b00000| Untracked 
|  92|0x0000000085c00000, 0x0000000085c00000, 0x0000000085d00000|  0%| F|  |TAMS 0x0000000085c00000, 0x0000000085c00000| Untracked 
|  93|0x0000000085d00000, 0x0000000085d00000, 0x0000000085e00000|  0%| F|  |TAMS 0x0000000085d00000, 0x0000000085d00000| Untracked 
|  94|0x0000000085e00000, 0x0000000085e00000, 0x0000000085f00000|  0%| F|  |TAMS 0x0000000085e00000, 0x0000000085e00000| Untracked 
|  95|0x0000000085f00000, 0x0000000085f00000, 0x0000000086000000|  0%| F|  |TAMS 0x0000000085f00000, 0x0000000085f00000| Untracked 
|  96|0x0000000086000000, 0x0000000086000000, 0x0000000086100000|  0%| F|  |TAMS 0x0000000086000000, 0x0000000086000000| Untracked 
|  97|0x0000000086100000, 0x0000000086100000, 0x0000000086200000|  0%| F|  |TAMS 0x0000000086100000, 0x0000000086100000| Untracked 
|  98|0x0000000086200000, 0x0000000086200000, 0x0000000086300000|  0%| F|  |TAMS 0x0000000086200000, 0x0000000086200000| Untracked 
|  99|0x0000000086300000, 0x0000000086300000, 0x0000000086400000|  0%| F|  |TAMS 0x0000000086300000, 0x0000000086300000| Untracked 
| 100|0x0000000086400000, 0x0000000086400000, 0x0000000086500000|  0%| F|  |TAMS 0x0000000086400000, 0x0000000086400000| Untracked 
| 101|0x0000000086500000, 0x0000000086500000, 0x0000000086600000|  0%| F|  |TAMS 0x0000000086500000, 0x0000000086500000| Untracked 
| 102|0x0000000086600000, 0x0000000086700000, 0x0000000086700000|100%| S|CS|TAMS 0x0000000086600000, 0x0000000086600000| Complete 
| 103|0x0000000086700000, 0x0000000086800000, 0x0000000086800000|100%| S|CS|TAMS 0x0000000086700000, 0x0000000086700000| Complete 
| 104|0x0000000086800000, 0x0000000086900000, 0x0000000086900000|100%| S|CS|TAMS 0x0000000086800000, 0x0000000086800000| Complete 
| 105|0x0000000086900000, 0x0000000086a00000, 0x0000000086a00000|100%| S|CS|TAMS 0x0000000086900000, 0x0000000086900000| Complete 
| 106|0x0000000086a00000, 0x0000000086b00000, 0x0000000086b00000|100%| S|CS|TAMS 0x0000000086a00000, 0x0000000086a00000| Complete 
| 107|0x0000000086b00000, 0x0000000086c00000, 0x0000000086c00000|100%| S|CS|TAMS 0x0000000086b00000, 0x0000000086b00000| Complete 
| 108|0x0000000086c00000, 0x0000000086d00000, 0x0000000086d00000|100%| S|CS|TAMS 0x0000000086c00000, 0x0000000086c00000| Complete 
| 109|0x0000000086d00000, 0x0000000086e00000, 0x0000000086e00000|100%| S|CS|TAMS 0x0000000086d00000, 0x0000000086d00000| Complete 
| 110|0x0000000086e00000, 0x0000000086e00000, 0x0000000086f00000|  0%| F|  |TAMS 0x0000000086e00000, 0x0000000086e00000| Untracked 
| 111|0x0000000086f00000, 0x0000000086f00000, 0x0000000087000000|  0%| F|  |TAMS 0x0000000086f00000, 0x0000000086f00000| Untracked 
| 112|0x0000000087000000, 0x0000000087000000, 0x0000000087100000|  0%| F|  |TAMS 0x0000000087000000, 0x0000000087000000| Untracked 
| 113|0x0000000087100000, 0x0000000087100000, 0x0000000087200000|  0%| F|  |TAMS 0x0000000087100000, 0x0000000087100000| Untracked 
| 114|0x0000000087200000, 0x0000000087200000, 0x0000000087300000|  0%| F|  |TAMS 0x0000000087200000, 0x0000000087200000| Untracked 
| 115|0x0000000087300000, 0x0000000087300000, 0x0000000087400000|  0%| F|  |TAMS 0x0000000087300000, 0x0000000087300000| Untracked 
| 116|0x0000000087400000, 0x0000000087400000, 0x0000000087500000|  0%| F|  |TAMS 0x0000000087400000, 0x0000000087400000| Untracked 
| 117|0x0000000087500000, 0x0000000087500000, 0x0000000087600000|  0%| F|  |TAMS 0x0000000087500000, 0x0000000087500000| Untracked 
| 118|0x0000000087600000, 0x0000000087600000, 0x0000000087700000|  0%| F|  |TAMS 0x0000000087600000, 0x0000000087600000| Untracked 
| 119|0x0000000087700000, 0x0000000087700000, 0x0000000087800000|  0%| F|  |TAMS 0x0000000087700000, 0x0000000087700000| Untracked 
| 120|0x0000000087800000, 0x0000000087800000, 0x0000000087900000|  0%| F|  |TAMS 0x0000000087800000, 0x0000000087800000| Untracked 
| 121|0x0000000087900000, 0x0000000087900000, 0x0000000087a00000|  0%| F|  |TAMS 0x0000000087900000, 0x0000000087900000| Untracked 
| 122|0x0000000087a00000, 0x0000000087a00000, 0x0000000087b00000|  0%| F|  |TAMS 0x0000000087a00000, 0x0000000087a00000| Untracked 
| 123|0x0000000087b00000, 0x0000000087b00000, 0x0000000087c00000|  0%| F|  |TAMS 0x0000000087b00000, 0x0000000087b00000| Untracked 
| 124|0x0000000087c00000, 0x0000000087c00000, 0x0000000087d00000|  0%| F|  |TAMS 0x0000000087c00000, 0x0000000087c00000| Untracked 
| 125|0x0000000087d00000, 0x0000000087d00000, 0x0000000087e00000|  0%| F|  |TAMS 0x0000000087d00000, 0x0000000087d00000| Untracked 
| 126|0x0000000087e00000, 0x0000000087e00000, 0x0000000087f00000|  0%| F|  |TAMS 0x0000000087e00000, 0x0000000087e00000| Untracked 
| 127|0x0000000087f00000, 0x0000000087f00000, 0x0000000088000000|  0%| F|  |TAMS 0x0000000087f00000, 0x0000000087f00000| Untracked 
| 128|0x0000000088000000, 0x0000000088000000, 0x0000000088100000|  0%| F|  |TAMS 0x0000000088000000, 0x0000000088000000| Untracked 
| 129|0x0000000088100000, 0x0000000088100000, 0x0000000088200000|  0%| F|  |TAMS 0x0000000088100000, 0x0000000088100000| Untracked 
| 130|0x0000000088200000, 0x0000000088200000, 0x0000000088300000|  0%| F|  |TAMS 0x0000000088200000, 0x0000000088200000| Untracked 
| 131|0x0000000088300000, 0x0000000088300000, 0x0000000088400000|  0%| F|  |TAMS 0x0000000088300000, 0x0000000088300000| Untracked 
| 132|0x0000000088400000, 0x0000000088400000, 0x0000000088500000|  0%| F|  |TAMS 0x0000000088400000, 0x0000000088400000| Untracked 
| 133|0x0000000088500000, 0x0000000088500000, 0x0000000088600000|  0%| F|  |TAMS 0x0000000088500000, 0x0000000088500000| Untracked 
| 134|0x0000000088600000, 0x0000000088600000, 0x0000000088700000|  0%| F|  |TAMS 0x0000000088600000, 0x0000000088600000| Untracked 
| 135|0x0000000088700000, 0x0000000088700000, 0x0000000088800000|  0%| F|  |TAMS 0x0000000088700000, 0x0000000088700000| Untracked 
| 136|0x0000000088800000, 0x0000000088800000, 0x0000000088900000|  0%| F|  |TAMS 0x0000000088800000, 0x0000000088800000| Untracked 
| 137|0x0000000088900000, 0x0000000088900000, 0x0000000088a00000|  0%| F|  |TAMS 0x0000000088900000, 0x0000000088900000| Untracked 
| 138|0x0000000088a00000, 0x0000000088a00000, 0x0000000088b00000|  0%| F|  |TAMS 0x0000000088a00000, 0x0000000088a00000| Untracked 
| 139|0x0000000088b00000, 0x0000000088b00000, 0x0000000088c00000|  0%| F|  |TAMS 0x0000000088b00000, 0x0000000088b00000| Untracked 
| 140|0x0000000088c00000, 0x0000000088c00000, 0x0000000088d00000|  0%| F|  |TAMS 0x0000000088c00000, 0x0000000088c00000| Untracked 
| 141|0x0000000088d00000, 0x0000000088d00000, 0x0000000088e00000|  0%| F|  |TAMS 0x0000000088d00000, 0x0000000088d00000| Untracked 
| 142|0x0000000088e00000, 0x0000000088e00000, 0x0000000088f00000|  0%| F|  |TAMS 0x0000000088e00000, 0x0000000088e00000| Untracked 
| 143|0x0000000088f00000, 0x0000000088f00000, 0x0000000089000000|  0%| F|  |TAMS 0x0000000088f00000, 0x0000000088f00000| Untracked 
| 144|0x0000000089000000, 0x0000000089000000, 0x0000000089100000|  0%| F|  |TAMS 0x0000000089000000, 0x0000000089000000| Untracked 
| 145|0x0000000089100000, 0x0000000089100000, 0x0000000089200000|  0%| F|  |TAMS 0x0000000089100000, 0x0000000089100000| Untracked 
| 146|0x0000000089200000, 0x0000000089200000, 0x0000000089300000|  0%| F|  |TAMS 0x0000000089200000, 0x0000000089200000| Untracked 
| 147|0x0000000089300000, 0x0000000089300000, 0x0000000089400000|  0%| F|  |TAMS 0x0000000089300000, 0x0000000089300000| Untracked 
| 148|0x0000000089400000, 0x0000000089400000, 0x0000000089500000|  0%| F|  |TAMS 0x0000000089400000, 0x0000000089400000| Untracked 
| 149|0x0000000089500000, 0x0000000089500000, 0x0000000089600000|  0%| F|  |TAMS 0x0000000089500000, 0x0000000089500000| Untracked 
| 150|0x0000000089600000, 0x0000000089600000, 0x0000000089700000|  0%| F|  |TAMS 0x0000000089600000, 0x0000000089600000| Untracked 
| 151|0x0000000089700000, 0x0000000089700000, 0x0000000089800000|  0%| F|  |TAMS 0x0000000089700000, 0x0000000089700000| Untracked 
| 152|0x0000000089800000, 0x0000000089800000, 0x0000000089900000|  0%| F|  |TAMS 0x0000000089800000, 0x0000000089800000| Untracked 
| 153|0x0000000089900000, 0x0000000089900000, 0x0000000089a00000|  0%| F|  |TAMS 0x0000000089900000, 0x0000000089900000| Untracked 
| 154|0x0000000089a00000, 0x0000000089a00000, 0x0000000089b00000|  0%| F|  |TAMS 0x0000000089a00000, 0x0000000089a00000| Untracked 
| 155|0x0000000089b00000, 0x0000000089b00000, 0x0000000089c00000|  0%| F|  |TAMS 0x0000000089b00000, 0x0000000089b00000| Untracked 
| 156|0x0000000089c00000, 0x0000000089c00000, 0x0000000089d00000|  0%| F|  |TAMS 0x0000000089c00000, 0x0000000089c00000| Untracked 
| 157|0x0000000089d00000, 0x0000000089d00000, 0x0000000089e00000|  0%| F|  |TAMS 0x0000000089d00000, 0x0000000089d00000| Untracked 
| 158|0x0000000089e00000, 0x0000000089e00000, 0x0000000089f00000|  0%| F|  |TAMS 0x0000000089e00000, 0x0000000089e00000| Untracked 
| 159|0x0000000089f00000, 0x0000000089f00000, 0x000000008a000000|  0%| F|  |TAMS 0x0000000089f00000, 0x0000000089f00000| Untracked 
| 160|0x000000008a000000, 0x000000008a000000, 0x000000008a100000|  0%| F|  |TAMS 0x000000008a000000, 0x000000008a000000| Untracked 
| 161|0x000000008a100000, 0x000000008a100000, 0x000000008a200000|  0%| F|  |TAMS 0x000000008a100000, 0x000000008a100000| Untracked 
| 162|0x000000008a200000, 0x000000008a200000, 0x000000008a300000|  0%| F|  |TAMS 0x000000008a200000, 0x000000008a200000| Untracked 
| 163|0x000000008a300000, 0x000000008a300000, 0x000000008a400000|  0%| F|  |TAMS 0x000000008a300000, 0x000000008a300000| Untracked 
| 164|0x000000008a400000, 0x000000008a400000, 0x000000008a500000|  0%| F|  |TAMS 0x000000008a400000, 0x000000008a400000| Untracked 
| 165|0x000000008a500000, 0x000000008a500000, 0x000000008a600000|  0%| F|  |TAMS 0x000000008a500000, 0x000000008a500000| Untracked 
| 166|0x000000008a600000, 0x000000008a600000, 0x000000008a700000|  0%| F|  |TAMS 0x000000008a600000, 0x000000008a600000| Untracked 
| 167|0x000000008a700000, 0x000000008a700000, 0x000000008a800000|  0%| F|  |TAMS 0x000000008a700000, 0x000000008a700000| Untracked 
| 168|0x000000008a800000, 0x000000008a800000, 0x000000008a900000|  0%| F|  |TAMS 0x000000008a800000, 0x000000008a800000| Untracked 
| 169|0x000000008a900000, 0x000000008a900000, 0x000000008aa00000|  0%| F|  |TAMS 0x000000008a900000, 0x000000008a900000| Untracked 
| 170|0x000000008aa00000, 0x000000008aa00000, 0x000000008ab00000|  0%| F|  |TAMS 0x000000008aa00000, 0x000000008aa00000| Untracked 
| 171|0x000000008ab00000, 0x000000008ab00000, 0x000000008ac00000|  0%| F|  |TAMS 0x000000008ab00000, 0x000000008ab00000| Untracked 
| 172|0x000000008ac00000, 0x000000008ac00000, 0x000000008ad00000|  0%| F|  |TAMS 0x000000008ac00000, 0x000000008ac00000| Untracked 
| 173|0x000000008ad00000, 0x000000008ad00000, 0x000000008ae00000|  0%| F|  |TAMS 0x000000008ad00000, 0x000000008ad00000| Untracked 
| 174|0x000000008ae00000, 0x000000008ae00000, 0x000000008af00000|  0%| F|  |TAMS 0x000000008ae00000, 0x000000008ae00000| Untracked 
| 175|0x000000008af00000, 0x000000008af00000, 0x000000008b000000|  0%| F|  |TAMS 0x000000008af00000, 0x000000008af00000| Untracked 
| 176|0x000000008b000000, 0x000000008b000000, 0x000000008b100000|  0%| F|  |TAMS 0x000000008b000000, 0x000000008b000000| Untracked 
| 177|0x000000008b100000, 0x000000008b100000, 0x000000008b200000|  0%| F|  |TAMS 0x000000008b100000, 0x000000008b100000| Untracked 
| 178|0x000000008b200000, 0x000000008b200000, 0x000000008b300000|  0%| F|  |TAMS 0x000000008b200000, 0x000000008b200000| Untracked 
| 179|0x000000008b300000, 0x000000008b300000, 0x000000008b400000|  0%| F|  |TAMS 0x000000008b300000, 0x000000008b300000| Untracked 
| 180|0x000000008b400000, 0x000000008b480800, 0x000000008b500000| 50%| E|  |TAMS 0x000000008b400000, 0x000000008b400000| Complete 
| 181|0x000000008b500000, 0x000000008b600000, 0x000000008b600000|100%| E|CS|TAMS 0x000000008b500000, 0x000000008b500000| Complete 
| 182|0x000000008b600000, 0x000000008b700000, 0x000000008b700000|100%| E|CS|TAMS 0x000000008b600000, 0x000000008b600000| Complete 
| 183|0x000000008b700000, 0x000000008b800000, 0x000000008b800000|100%| E|CS|TAMS 0x000000008b700000, 0x000000008b700000| Complete 
| 184|0x000000008b800000, 0x000000008b900000, 0x000000008b900000|100%| E|CS|TAMS 0x000000008b800000, 0x000000008b800000| Complete 
| 185|0x000000008b900000, 0x000000008ba00000, 0x000000008ba00000|100%| E|CS|TAMS 0x000000008b900000, 0x000000008b900000| Complete 
| 186|0x000000008ba00000, 0x000000008bb00000, 0x000000008bb00000|100%| E|CS|TAMS 0x000000008ba00000, 0x000000008ba00000| Complete 
| 187|0x000000008bb00000, 0x000000008bc00000, 0x000000008bc00000|100%| E|CS|TAMS 0x000000008bb00000, 0x000000008bb00000| Complete 
| 188|0x000000008bc00000, 0x000000008bd00000, 0x000000008bd00000|100%| E|CS|TAMS 0x000000008bc00000, 0x000000008bc00000| Complete 
| 189|0x000000008bd00000, 0x000000008be00000, 0x000000008be00000|100%| E|CS|TAMS 0x000000008bd00000, 0x000000008bd00000| Complete 
| 190|0x000000008be00000, 0x000000008bf00000, 0x000000008bf00000|100%| E|CS|TAMS 0x000000008be00000, 0x000000008be00000| Complete 
| 191|0x000000008bf00000, 0x000000008c000000, 0x000000008c000000|100%| E|CS|TAMS 0x000000008bf00000, 0x000000008bf00000| Complete 

Card table byte_map: [0x0000025c7db30000,0x0000025c7df30000] _byte_map_base: 0x0000025c7d730000

Marking Bits (Prev, Next): (CMBitMap*) 0x0000025c6ac5b578, (CMBitMap*) 0x0000025c6ac5b5b0
 Prev Bits: [0x0000025c00000000, 0x0000025c02000000)
 Next Bits: [0x0000025c02000000, 0x0000025c04000000)

Polling page: 0x0000025c68ad0000

Metaspace:

Usage:
  Non-class:     41.09 MB capacity,    40.32 MB ( 98%) used,   668.39 KB (  2%) free+waste,   119.69 KB ( <1%) overhead. 
      Class:      6.37 MB capacity,     5.97 MB ( 94%) used,   346.88 KB (  5%) free+waste,    57.69 KB ( <1%) overhead. 
       Both:     47.46 MB capacity,    46.30 MB ( 98%) used,  1015.27 KB (  2%) free+waste,   177.38 KB ( <1%) overhead. 

Virtual space:
  Non-class space:       42.00 MB reserved,      41.20 MB ( 98%) committed 
      Class space:        1.00 GB reserved,       6.38 MB ( <1%) committed 
             Both:        1.04 GB reserved,      47.57 MB (  4%) committed 

Chunk freelists:
   Non-Class:  45.00 KB
       Class:  6.00 KB
        Both:  51.00 KB

MaxMetaspaceSize: 17179869184.00 GB
CompressedClassSpaceSize: 1.00 GB
Initial GC threshold: 20.80 MB
Current GC threshold: 58.88 MB
CDS: off

CodeHeap 'non-profiled nmethods': size=120064Kb used=2226Kb max_used=2226Kb free=117837Kb
 bounds [0x0000025c761f0000, 0x0000025c76460000, 0x0000025c7d730000]
CodeHeap 'profiled nmethods': size=120000Kb used=8458Kb max_used=8458Kb free=111541Kb
 bounds [0x0000025c6ecc0000, 0x0000025c6f510000, 0x0000025c761f0000]
CodeHeap 'non-nmethods': size=5696Kb used=2293Kb max_used=2365Kb free=3402Kb
 bounds [0x0000025c6e730000, 0x0000025c6e9a0000, 0x0000025c6ecc0000]
 total_blobs=4749 nmethods=3963 adapters=698
 compilation: enabled
              stopped_count=0, restarted_count=0
 full_count=0

Compilation events (20 events):
Event: 19.105 Thread 0x0000025c7f0b5000 3938       3       com.google.common.collect.ImmutableSet::<init> (5 bytes)
Event: 19.105 Thread 0x0000025c7f0b5000 nmethod 3938 0x0000025c6f4f1090 code [0x0000025c6f4f1260, 0x0000025c6f4f1478]
Event: 19.118 Thread 0x0000025c7f0b5000 3939       3       java.lang.invoke.LambdaForm$DMH/0x0000000100328040::invokeStatic (30 bytes)
Event: 19.119 Thread 0x0000025c7f0b5000 nmethod 3939 0x0000025c6f4f1590 code [0x0000025c6f4f17a0, 0x0000025c6f4f1e08]
Event: 19.119 Thread 0x0000025c7f0b5000 3940   !   3       java.lang.invoke.InnerClassLambdaMetafactory::buildCallSite (168 bytes)
Event: 19.122 Thread 0x0000025c7f0b5000 nmethod 3940 0x0000025c6f4f1f90 code [0x0000025c6f4f2480, 0x0000025c6f4f4728]
Event: 19.123 Thread 0x0000025c7f0b5000 3941   !   3       org.gradle.internal.event.AbstractBroadcastDispatch::dispatch (191 bytes)
Event: 19.125 Thread 0x0000025c7f0b5000 nmethod 3941 0x0000025c6f4f5710 code [0x0000025c6f4f5aa0, 0x0000025c6f4f7698]
Event: 19.125 Thread 0x0000025c7f0b5000 3942       3       java.util.Collections::eq (22 bytes)
Event: 19.125 Thread 0x0000025c7f0b5000 nmethod 3942 0x0000025c6f4f7d90 code [0x0000025c6f4f7f60, 0x0000025c6f4f81a8]
Event: 19.129 Thread 0x0000025c7f0ae000 nmethod 3895 0x0000025c76417310 code [0x0000025c764175e0, 0x0000025c76419600]
Event: 19.129 Thread 0x0000025c7f0ae000 3935       4       org.objectweb.asm.Frame::execute (2318 bytes)
Event: 19.130 Thread 0x0000025c7f0b5000 3943       3       java.util.ArrayList::toArray (12 bytes)
Event: 19.131 Thread 0x0000025c7f0b5000 nmethod 3943 0x0000025c6f4f8290 code [0x0000025c6f4f8460, 0x0000025c6f4f8628]
Event: 19.131 Thread 0x0000025c7f0b5000 3944       1       org.gradle.api.internal.artifacts.ivyservice.resolveengine.graph.builder.DependencyState::getDependency (5 bytes)
Event: 19.131 Thread 0x0000025c7f0b5000 nmethod 3944 0x0000025c7641a790 code [0x0000025c7641a940, 0x0000025c7641a9f8]
Event: 19.132 Thread 0x0000025c7f0b5000 3945       1       org.gradle.api.internal.artifacts.DefaultModuleIdentifier::hashCode (5 bytes)
Event: 19.132 Thread 0x0000025c7f0b5000 nmethod 3945 0x0000025c7641aa90 code [0x0000025c7641ac40, 0x0000025c7641acf8]
Event: 19.132 Thread 0x0000025c7f0b5000 3946       1       com.google.common.cache.LocalCache$StrongEntry::getHash (5 bytes)
Event: 19.132 Thread 0x0000025c7f0b5000 nmethod 3946 0x0000025c7641ad90 code [0x0000025c7641af40, 0x0000025c7641aff8]

GC Heap History (16 events):
Event: 4.128 GC heap before
{Heap before GC invocations=0 (full 0):
 garbage-first heap   total 196608K, used 16384K [0x0000000080000000, 0x0000000100000000)
  region size 1024K, 14 young (14336K), 0 survivors (0K)
 Metaspace       used 6722K, capacity 6925K, committed 7168K, reserved 1056768K
  class space    used 582K, capacity 650K, committed 768K, reserved 1048576K
}
Event: 4.131 GC heap after
{Heap after GC invocations=1 (full 0):
 garbage-first heap   total 196608K, used 3581K [0x0000000080000000, 0x0000000100000000)
  region size 1024K, 2 young (2048K), 2 survivors (2048K)
 Metaspace       used 6722K, capacity 6925K, committed 7168K, reserved 1056768K
  class space    used 582K, capacity 650K, committed 768K, reserved 1048576K
}
Event: 13.858 GC heap before
{Heap before GC invocations=1 (full 0):
 garbage-first heap   total 196608K, used 123389K [0x0000000080000000, 0x0000000100000000)
  region size 1024K, 115 young (117760K), 2 survivors (2048K)
 Metaspace       used 20058K, capacity 20454K, committed 20608K, reserved 1067008K
  class space    used 2470K, capacity 2611K, committed 2688K, reserved 1048576K
}
Event: 13.869 GC heap after
{Heap after GC invocations=2 (full 0):
 garbage-first heap   total 196608K, used 16735K [0x0000000080000000, 0x0000000100000000)
  region size 1024K, 12 young (12288K), 12 survivors (12288K)
 Metaspace       used 20058K, capacity 20454K, committed 20608K, reserved 1067008K
  class space    used 2470K, capacity 2611K, committed 2688K, reserved 1048576K
}
Event: 14.008 GC heap before
{Heap before GC invocations=2 (full 0):
 garbage-first heap   total 196608K, used 20831K [0x0000000080000000, 0x0000000100000000)
  region size 1024K, 17 young (17408K), 12 survivors (12288K)
 Metaspace       used 20761K, capacity 21138K, committed 21248K, reserved 1067008K
  class space    used 2549K, capacity 2711K, committed 2816K, reserved 1048576K
}
Event: 14.021 GC heap after
{Heap after GC invocations=3 (full 0):
 garbage-first heap   total 196608K, used 17876K [0x0000000080000000, 0x0000000100000000)
  region size 1024K, 1 young (1024K), 1 survivors (1024K)
 Metaspace       used 20761K, capacity 21138K, committed 21248K, reserved 1067008K
  class space    used 2549K, capacity 2711K, committed 2816K, reserved 1048576K
}
Event: 15.064 GC heap before
{Heap before GC invocations=4 (full 0):
 garbage-first heap   total 196608K, used 59860K [0x0000000080000000, 0x0000000100000000)
  region size 1024K, 42 young (43008K), 1 survivors (1024K)
 Metaspace       used 24980K, capacity 25549K, committed 25728K, reserved 1071104K
  class space    used 3195K, capacity 3420K, committed 3456K, reserved 1048576K
}
Event: 15.068 GC heap after
{Heap after GC invocations=5 (full 0):
 garbage-first heap   total 196608K, used 18552K [0x0000000080000000, 0x0000000100000000)
  region size 1024K, 2 young (2048K), 2 survivors (2048K)
 Metaspace       used 24980K, capacity 25549K, committed 25728K, reserved 1071104K
  class space    used 3195K, capacity 3420K, committed 3456K, reserved 1048576K
}
Event: 16.372 GC heap before
{Heap before GC invocations=5 (full 0):
 garbage-first heap   total 196608K, used 87160K [0x0000000080000000, 0x0000000100000000)
  region size 1024K, 69 young (70656K), 2 survivors (2048K)
 Metaspace       used 33494K, capacity 34342K, committed 34432K, reserved 1079296K
  class space    used 4365K, capacity 4675K, committed 4736K, reserved 1048576K
}
Event: 16.380 GC heap after
{Heap after GC invocations=6 (full 0):
 garbage-first heap   total 196608K, used 21996K [0x0000000080000000, 0x0000000100000000)
  region size 1024K, 5 young (5120K), 5 survivors (5120K)
 Metaspace       used 33494K, capacity 34342K, committed 34432K, reserved 1079296K
  class space    used 4365K, capacity 4675K, committed 4736K, reserved 1048576K
}
Event: 16.455 GC heap before
{Heap before GC invocations=6 (full 0):
 garbage-first heap   total 196608K, used 23020K [0x0000000080000000, 0x0000000100000000)
  region size 1024K, 7 young (7168K), 5 survivors (5120K)
 Metaspace       used 34919K, capacity 35786K, committed 35840K, reserved 1081344K
  class space    used 4531K, capacity 4839K, committed 4864K, reserved 1048576K
}
Event: 16.464 GC heap after
{Heap after GC invocations=7 (full 0):
 garbage-first heap   total 196608K, used 22401K [0x0000000080000000, 0x0000000100000000)
  region size 1024K, 6 young (6144K), 6 survivors (6144K)
 Metaspace       used 34919K, capacity 35786K, committed 35840K, reserved 1081344K
  class space    used 4531K, capacity 4839K, committed 4864K, reserved 1048576K
}
Event: 17.666 GC heap before
{Heap before GC invocations=8 (full 0):
 garbage-first heap   total 196608K, used 91009K [0x0000000080000000, 0x0000000100000000)
  region size 1024K, 71 young (72704K), 6 survivors (6144K)
 Metaspace       used 39895K, capacity 40782K, committed 41036K, reserved 1085440K
  class space    used 5110K, capacity 5434K, committed 5504K, reserved 1048576K
}
Event: 17.679 GC heap after
{Heap after GC invocations=9 (full 0):
 garbage-first heap   total 196608K, used 28119K [0x0000000080000000, 0x0000000100000000)
  region size 1024K, 9 young (9216K), 9 survivors (9216K)
 Metaspace       used 39895K, capacity 40782K, committed 41036K, reserved 1085440K
  class space    used 5110K, capacity 5434K, committed 5504K, reserved 1048576K
}
Event: 18.880 GC heap before
{Heap before GC invocations=9 (full 0):
 garbage-first heap   total 196608K, used 102871K [0x0000000080000000, 0x0000000100000000)
  region size 1024K, 82 young (83968K), 9 survivors (9216K)
 Metaspace       used 46541K, capacity 47694K, committed 47820K, reserved 1091584K
  class space    used 5989K, capacity 6365K, committed 6400K, reserved 1048576K
}
Event: 18.899 GC heap after
{Heap after GC invocations=10 (full 0):
 garbage-first heap   total 196608K, used 30565K [0x0000000080000000, 0x0000000100000000)
  region size 1024K, 8 young (8192K), 8 survivors (8192K)
 Metaspace       used 46541K, capacity 47694K, committed 47820K, reserved 1091584K
  class space    used 5989K, capacity 6365K, committed 6400K, reserved 1048576K
}

Deoptimization events (20 events):
Event: 18.490 Thread 0x0000025c07ab4800 DEOPT PACKING pc=0x0000025c7624bf5c sp=0x0000008f55ef8ef0
Event: 18.490 Thread 0x0000025c07ab4800 DEOPT UNPACKING pc=0x0000025c6e77a1af sp=0x0000008f55ef8e28 mode 2
Event: 18.490 Thread 0x0000025c07ab4800 Uncommon trap: trap_request=0xffffff4d fr.pc=0x0000025c762127e8 relative=0x0000000000000048
Event: 18.490 Thread 0x0000025c07ab4800 Uncommon trap: reason=unstable_if action=reinterpret pc=0x0000025c762127e8 method=java.net.URI.match(CJJ)Z @ 19 c2
Event: 18.490 Thread 0x0000025c07ab4800 DEOPT PACKING pc=0x0000025c762127e8 sp=0x0000008f55ef8f00
Event: 18.490 Thread 0x0000025c07ab4800 DEOPT UNPACKING pc=0x0000025c6e77a1af sp=0x0000008f55ef8eb0 mode 2
Event: 18.863 Thread 0x0000025c07ab4800 Uncommon trap: trap_request=0xffffffc6 fr.pc=0x0000025c763952f4 relative=0x0000000000000654
Event: 18.863 Thread 0x0000025c07ab4800 Uncommon trap: reason=bimorphic_or_optimized_type_check action=maybe_recompile pc=0x0000025c763952f4 method=java.util.stream.ReferencePipeline.forEachWithCancel(Ljava/util/Spliterator;Ljava/util/stream/Sink;)Z @ 1 c2
Event: 18.863 Thread 0x0000025c07ab4800 DEOPT PACKING pc=0x0000025c763952f4 sp=0x0000008f55ef8c10
Event: 18.863 Thread 0x0000025c07ab4800 DEOPT UNPACKING pc=0x0000025c6e77a1af sp=0x0000008f55ef8bb0 mode 2
Event: 18.863 Thread 0x0000025c07ab4800 Uncommon trap: trap_request=0xffffffc6 fr.pc=0x0000025c763952f4 relative=0x0000000000000654
Event: 18.863 Thread 0x0000025c07ab4800 Uncommon trap: reason=bimorphic_or_optimized_type_check action=maybe_recompile pc=0x0000025c763952f4 method=java.util.stream.ReferencePipeline.forEachWithCancel(Ljava/util/Spliterator;Ljava/util/stream/Sink;)Z @ 1 c2
Event: 18.863 Thread 0x0000025c07ab4800 DEOPT PACKING pc=0x0000025c763952f4 sp=0x0000008f55ef8c10
Event: 18.863 Thread 0x0000025c07ab4800 DEOPT UNPACKING pc=0x0000025c6e77a1af sp=0x0000008f55ef8bb0 mode 2
Event: 18.970 Thread 0x0000025c07ab4800 Uncommon trap: trap_request=0xffffffc6 fr.pc=0x0000025c763952f4 relative=0x0000000000000654
Event: 18.970 Thread 0x0000025c07ab4800 Uncommon trap: reason=bimorphic_or_optimized_type_check action=maybe_recompile pc=0x0000025c763952f4 method=java.util.stream.ReferencePipeline.forEachWithCancel(Ljava/util/Spliterator;Ljava/util/stream/Sink;)Z @ 1 c2
Event: 18.970 Thread 0x0000025c07ab4800 DEOPT PACKING pc=0x0000025c763952f4 sp=0x0000008f55ef8c10
Event: 18.970 Thread 0x0000025c07ab4800 DEOPT UNPACKING pc=0x0000025c6e77a1af sp=0x0000008f55ef8bb0 mode 2
Event: 19.066 Thread 0x0000025c07ab4800 DEOPT PACKING pc=0x0000025c6ee3ce1b sp=0x0000008f55ef7f40
Event: 19.066 Thread 0x0000025c07ab4800 DEOPT UNPACKING pc=0x0000025c6e77a95e sp=0x0000008f55ef7480 mode 0

Classes redefined (0 events):
No events

Internal exceptions (20 events):
Event: 18.298 Thread 0x0000025c07ab4800 Exception <a 'java/lang/ClassNotFoundException'{0x0000000089f6dc60}: org/gradle/api/internal/initialization/DefaultScriptHandlerCustomizer> (0x0000000089f6dc60) thrown at [./src/hotspot/share/classfile/systemDictionary.cpp, line 231]
Event: 18.412 Thread 0x0000025c07ab4800 Exception <a 'java/lang/ClassNotFoundException'{0x00000000896185b8}: org/gradle/api/internal/artifacts/dsl/dependencies/DefaultDependencyHandler_DecoratedBeanInfo> (0x00000000896185b8) thrown at [./src/hotspot/share/classfile/systemDictionary.cpp, line 231]
Event: 18.413 Thread 0x0000025c07ab4800 Exception <a 'java/lang/ClassNotFoundException'{0x0000000089656ce0}: org/gradle/api/internal/artifacts/dsl/dependencies/DefaultDependencyHandlerBeanInfo> (0x0000000089656ce0) thrown at [./src/hotspot/share/classfile/systemDictionary.cpp, line 231]
Event: 18.414 Thread 0x0000025c07ab4800 Exception <a 'java/lang/ClassNotFoundException'{0x0000000089695830}: org/gradle/api/internal/artifacts/dsl/dependencies/DefaultDependencyHandlerCustomizer> (0x0000000089695830) thrown at [./src/hotspot/share/classfile/systemDictionary.cpp, line 231]
Event: 18.417 Thread 0x0000025c07ab4800 Exception <a 'java/lang/ClassNotFoundException'{0x00000000896fb328}: org/gradle/api/internal/artifacts/dsl/dependencies/DefaultDependencyHandler_DecoratedCustomizer> (0x00000000896fb328) thrown at [./src/hotspot/share/classfile/systemDictionary.cpp, line 231]
Event: 18.434 Thread 0x0000025c07ab4800 Exception <a 'java/lang/ClassNotFoundException'{0x000000008940f140}: org/gradle/plugin/use/internal/PluginRequestCollector$PluginDependenciesSpecImplBeanInfo> (0x000000008940f140) thrown at [./src/hotspot/share/classfile/systemDictionary.cpp, line 231]
Event: 18.435 Thread 0x0000025c07ab4800 Exception <a 'java/lang/ClassNotFoundException'{0x000000008943e020}: org/gradle/plugin/use/internal/PluginRequestCollector$PluginDependenciesSpecImplCustomizer> (0x000000008943e020) thrown at [./src/hotspot/share/classfile/systemDictionary.cpp, line 231]
Event: 18.443 Thread 0x0000025c07ab4800 Exception <a 'java/lang/ClassNotFoundException'{0x000000008949eac0}: org/gradle/plugin/use/internal/PluginRequestCollector$PluginDependencySpecImplBeanInfo> (0x000000008949eac0) thrown at [./src/hotspot/share/classfile/systemDictionary.cpp, line 231]
Event: 18.444 Thread 0x0000025c07ab4800 Exception <a 'java/lang/ClassNotFoundException'{0x00000000894ccc20}: org/gradle/plugin/use/internal/PluginRequestCollector$PluginDependencySpecImplCustomizer> (0x00000000894ccc20) thrown at [./src/hotspot/share/classfile/systemDictionary.cpp, line 231]
Event: 18.765 Thread 0x0000025c07ab4800 Exception <a 'java/lang/NoSuchMethodError'{0x0000000087f25cc0}: 'int java.lang.invoke.DirectMethodHandle$Holder.invokeInterface(java.lang.Object, java.lang.Object)'> (0x0000000087f25cc0) thrown at [./src/hotspot/share/interpreter/linkResolver.cpp, line 773]
Event: 18.765 Thread 0x0000025c07ab4800 Exception <a 'java/lang/IncompatibleClassChangeError'{0x0000000087f297a0}: Found class java.lang.Object, but interface was expected> (0x0000000087f297a0) thrown at [./src/hotspot/share/interpreter/linkResolver.cpp, line 839]
Event: 18.870 Thread 0x0000025c07ab4800 Exception <a 'java/lang/NoSuchMethodError'{0x0000000086e64bc0}: 'int java.lang.invoke.DirectMethodHandle$Holder.invokeStaticInit(java.lang.Object)'> (0x0000000086e64bc0) thrown at [./src/hotspot/share/interpreter/linkResolver.cpp, line 773]
Event: 18.942 Thread 0x0000025c07ab4800 Exception <a 'java/lang/NoSuchMethodError'{0x000000008bd45250}: 'void java.lang.invoke.DirectMethodHandle$Holder.invokeStatic(java.lang.Object, java.lang.Object, java.lang.Object, int, java.lang.Object)'> (0x000000008bd45250) thrown at [./src/hotspot/share/interpreter/linkResolver.cpp, line 773]
Event: 19.027 Thread 0x0000025c07ab4800 Exception <a 'java/lang/NoSuchMethodError'{0x000000008b95a5c0}: 'java.lang.Object java.lang.invoke.DelegatingMethodHandle$Holder.reinvoke_L(java.lang.Object, java.lang.Object, java.lang.Object, java.lang.Object, java.lang.Object, java.lang.Object, java.lang.Object, java.lang.Object, java.lang.Object, java.lang.Object, java.lang.Object, java.lang.Object, java.lang.Object, java.lang.Object, java.lang.Object, java.lang.Object, java.lang.Object, java.lang.Object, java.lang.Object, java.lang.Object)'> (0x000000
Event: 19.028 Thread 0x0000025c07ab4800 Exception <a 'java/lang/NoSuchMethodError'{0x000000008b966060}: 'java.lang.Object java.lang.invoke.DirectMethodHandle$Holder.invokeSpecial(java.lang.Object, java.lang.Object, java.lang.Object, java.lang.Object, java.lang.Object, java.lang.Object, java.lang.Object, java.lang.Object, java.lang.Object, java.lang.Object, java.lang.Object, java.lang.Object, java.lang.Object, java.lang.Object, java.lang.Object, java.lang.Object, java.lang.Object, java.lang.Object, java.lang.Object, java.lang.Object)'> (0x0000000
Event: 19.028 Thread 0x0000025c07ab4800 Exception <a 'java/lang/NoSuchMethodError'{0x000000008b96bfa0}: 'java.lang.Object java.lang.invoke.Invokers$Holder.invoker(java.lang.Object, java.lang.Object, java.lang.Object, java.lang.Object, java.lang.Object, java.lang.Object, java.lang.Object, java.lang.Object, java.lang.Object, java.lang.Object, java.lang.Object, java.lang.Object, java.lang.Object, java.lang.Object, java.lang.Object, java.lang.Object, java.lang.Object, java.lang.Object, java.lang.Object, java.lang.Object)'> (0x000000008b96bfa0) throw
Event: 19.029 Thread 0x0000025c07ab4800 Exception <a 'java/lang/NoSuchMethodError'{0x000000008b9730b0}: 'java.lang.Object java.lang.invoke.DelegatingMethodHandle$Holder.delegate(java.lang.Object, java.lang.Object, java.lang.Object, java.lang.Object, java.lang.Object, java.lang.Object, java.lang.Object, java.lang.Object, java.lang.Object, java.lang.Object, java.lang.Object, java.lang.Object, java.lang.Object, java.lang.Object, java.lang.Object, java.lang.Object, java.lang.Object, java.lang.Object, java.lang.Object, java.lang.Object)'> (0x00000000
Event: 19.043 Thread 0x0000025c07ab4800 Exception <a 'java/lang/NoSuchMethodError'{0x000000008b9ed3a0}: 'java.lang.Object java.lang.invoke.DirectMethodHandle$Holder.invokeStatic(java.lang.Object, java.lang.Object, java.lang.Object, java.lang.Object, java.lang.Object, java.lang.Object, java.lang.Object, java.lang.Object, java.lang.Object, java.lang.Object, java.lang.Object, java.lang.Object, java.lang.Object, java.lang.Object, java.lang.Object)'> (0x000000008b9ed3a0) thrown at [./src/hotspot/share/interpreter/linkResolver.cpp, line 773]
Event: 19.048 Thread 0x0000025c07ab4800 Exception <a 'java/lang/NoSuchMethodError'{0x000000008b9fd848}: 'java.lang.Object java.lang.invoke.DirectMethodHandle$Holder.invokeStatic(java.lang.Object, java.lang.Object, java.lang.Object, java.lang.Object, java.lang.Object, java.lang.Object, java.lang.Object, java.lang.Object, java.lang.Object, java.lang.Object, java.lang.Object, java.lang.Object, java.lang.Object, java.lang.Object, java.lang.Object, java.lang.Object)'> (0x000000008b9fd848) thrown at [./src/hotspot/share/interpreter/linkResolver.cpp, l
Event: 19.051 Thread 0x0000025c07ab4800 Exception <a 'java/lang/NoSuchMethodError'{0x000000008b80dff0}: 'java.lang.Object java.lang.invoke.DelegatingMethodHandle$Holder.reinvoke_L(java.lang.Object, java.lang.Object, java.lang.Object, java.lang.Object, java.lang.Object, java.lang.Object, java.lang.Object, java.lang.Object, java.lang.Object, java.lang.Object, java.lang.Object, java.lang.Object, java.lang.Object, java.lang.Object, java.lang.Object, java.lang.Object, java.lang.Object, java.lang.Object, java.lang.Object)'> (0x000000008b80dff0) thrown

Events (20 events):
Event: 19.115 loading class org/gradle/api/artifacts/ArtifactView$ViewConfiguration
Event: 19.115 loading class org/gradle/api/artifacts/ArtifactView$ViewConfiguration done
Event: 19.115 loading class org/gradle/api/Action
Event: 19.115 loading class org/gradle/api/Action done
Event: 19.118 loading class org/gradle/api/artifacts/component/ComponentIdentifier
Event: 19.118 loading class org/gradle/api/artifacts/component/ComponentIdentifier done
Event: 19.118 loading class org/gradle/api/artifacts/component/ComponentIdentifier
Event: 19.118 loading class org/gradle/api/artifacts/component/ComponentIdentifier done
Event: 19.118 loading class org/gradle/api/specs/Spec
Event: 19.118 loading class org/gradle/api/specs/Spec done
Event: 19.119 loading class org/gradle/api/internal/artifacts/configurations/DefaultConfiguration$ConfigurationResolvableDependencies$ConfigurationArtifactView
Event: 19.119 loading class org/gradle/api/internal/artifacts/configurations/DefaultConfiguration$ConfigurationResolvableDependencies$ConfigurationArtifactView done
Event: 19.120 loading class org/gradle/api/internal/file/AbstractFileCollection$2
Event: 19.120 loading class org/gradle/api/internal/file/AbstractFileCollection$2 done
Event: 19.121 loading class org/gradle/api/internal/artifacts/ivyservice/ResolvedFileCollectionVisitor
Event: 19.121 loading class org/gradle/api/internal/artifacts/ivyservice/ResolvedFileCollectionVisitor done
Event: 19.121 loading class org/gradle/api/internal/artifacts/ivyservice/ResolvedFilesCollectingVisitor
Event: 19.121 loading class org/gradle/api/internal/artifacts/ivyservice/ResolvedFilesCollectingVisitor done
Event: 19.136 loading class org/gradle/internal/component/external/model/AbstractMutableModuleComponentResolveMetadata$MutableVariantImpl
Event: 19.136 loading class org/gradle/internal/component/external/model/AbstractMutableModuleComponentResolveMetadata$MutableVariantImpl done


Dynamic libraries:
0x00007ff6c0fb0000 - 0x00007ff6c0fba000 	D:\Programs\Android Studio\jre\bin\java.exe
0x00007ffa41790000 - 0x00007ffa41987000 	C:\Windows\SYSTEM32\ntdll.dll
0x00007ffa3ff70000 - 0x00007ffa4002d000 	C:\Windows\System32\KERNEL32.DLL
0x00007ffa3f290000 - 0x00007ffa3f55d000 	C:\Windows\System32\KERNELBASE.dll
0x00007ffa3efc0000 - 0x00007ffa3f0c0000 	C:\Windows\System32\ucrtbase.dll
0x00007ffa39c80000 - 0x00007ffa39c99000 	D:\Programs\Android Studio\jre\bin\jli.dll
0x00007ffa408d0000 - 0x00007ffa40a70000 	C:\Windows\System32\USER32.dll
0x00007ffa3f680000 - 0x00007ffa3f6a2000 	C:\Windows\System32\win32u.dll
0x00007ffa403d0000 - 0x00007ffa403fa000 	C:\Windows\System32\GDI32.dll
0x00007ffa3eeb0000 - 0x00007ffa3efbb000 	C:\Windows\System32\gdi32full.dll
0x00007ffa3f5e0000 - 0x00007ffa3f67d000 	C:\Windows\System32\msvcp_win.dll
0x00007ffa25050000 - 0x00007ffa25067000 	D:\Programs\Android Studio\jre\bin\VCRUNTIME140.dll
0x00007ffa28110000 - 0x00007ffa283aa000 	C:\Windows\WinSxS\amd64_microsoft.windows.common-controls_6595b64144ccf1df_6.0.19041.1110_none_60b5254171f9507e\COMCTL32.dll
0x00007ffa416b0000 - 0x00007ffa4174e000 	C:\Windows\System32\msvcrt.dll
0x00007ffa41660000 - 0x00007ffa41690000 	C:\Windows\System32\IMM32.DLL
0x00007ffa068b0000 - 0x00007ffa0694d000 	D:\Programs\Android Studio\jre\bin\msvcp140.dll
0x00007ff9de170000 - 0x00007ff9dec55000 	D:\Programs\Android Studio\jre\bin\server\jvm.dll
0x00007ffa401d0000 - 0x00007ffa4027e000 	C:\Windows\System32\ADVAPI32.dll
0x00007ffa413f0000 - 0x00007ffa4148c000 	C:\Windows\System32\sechost.dll
0x00007ffa3f9b0000 - 0x00007ffa3fad5000 	C:\Windows\System32\RPCRT4.dll
0x00007ffa40a70000 - 0x00007ffa40a78000 	C:\Windows\System32\PSAPI.DLL
0x00007ffa20f20000 - 0x00007ffa20f29000 	C:\Windows\SYSTEM32\WSOCK32.dll
0x00007ffa40a80000 - 0x00007ffa40aeb000 	C:\Windows\System32\WS2_32.dll
0x00007ffa28560000 - 0x00007ffa28587000 	C:\Windows\SYSTEM32\WINMM.dll
0x00007ffa32ee0000 - 0x00007ffa32eea000 	C:\Windows\SYSTEM32\VERSION.dll
0x00007ffa3d730000 - 0x00007ffa3d742000 	C:\Windows\SYSTEM32\kernel.appcore.dll
0x00007ffa39c50000 - 0x00007ffa39c61000 	D:\Programs\Android Studio\jre\bin\verify.dll
0x00007ffa3cc90000 - 0x00007ffa3ce74000 	C:\Windows\SYSTEM32\DBGHELP.DLL
0x00007ffa1e7c0000 - 0x00007ffa1e7ec000 	C:\Windows\SYSTEM32\dbgcore.DLL
0x00007ffa3f6b0000 - 0x00007ffa3f732000 	C:\Windows\System32\bcryptPrimitives.dll
0x00007ffa39c20000 - 0x00007ffa39c49000 	D:\Programs\Android Studio\jre\bin\java.dll
0x00007ffa39c10000 - 0x00007ffa39c1b000 	D:\Programs\Android Studio\jre\bin\jimage.dll
0x00007ffa39350000 - 0x00007ffa39368000 	D:\Programs\Android Studio\jre\bin\zip.dll
0x00007ffa40af0000 - 0x00007ffa41234000 	C:\Windows\System32\SHELL32.dll
0x00007ffa3cf90000 - 0x00007ffa3d724000 	C:\Windows\SYSTEM32\windows.storage.dll
0x00007ffa3fc10000 - 0x00007ffa3ff64000 	C:\Windows\System32\combase.dll
0x00007ffa3e910000 - 0x00007ffa3e93c000 	C:\Windows\SYSTEM32\Wldp.dll
0x00007ffa415b0000 - 0x00007ffa4165d000 	C:\Windows\System32\SHCORE.dll
0x00007ffa40100000 - 0x00007ffa40155000 	C:\Windows\System32\shlwapi.dll
0x00007ffa3edf0000 - 0x00007ffa3ee0f000 	C:\Windows\SYSTEM32\profapi.dll
0x00007ffa39280000 - 0x00007ffa3929a000 	D:\Programs\Android Studio\jre\bin\net.dll
0x00007ffa349a0000 - 0x00007ffa34aaa000 	C:\Windows\SYSTEM32\WINHTTP.dll
0x00007ffa3e670000 - 0x00007ffa3e6da000 	C:\Windows\system32\mswsock.dll
0x00007ffa38880000 - 0x00007ffa38894000 	D:\Programs\Android Studio\jre\bin\nio.dll
0x00007ff9eacb0000 - 0x00007ff9eacd7000 	D:\Programs\Programs\instama-ovarian-cancer-master\instama-ovarian-cancer-master\.gradle\native\e1d6ef7f7dcc3fd88c89a11ec53ec762bb8ba0a96d01ffa2cd45eb1d1d8dd5c5\windows-amd64\native-platform.dll
0x00007ffa06760000 - 0x00007ffa068a4000 	D:\Programs\Programs\instama-ovarian-cancer-master\instama-ovarian-cancer-master\.gradle\native\5664cfc778a61ccfe75a443a1ab52a65af34e5dc3c78e0209fed803814484fcb\windows-amd64\native-platform-file-events.dll
0x00007ffa39270000 - 0x00007ffa3927a000 	D:\Programs\Android Studio\jre\bin\management.dll
0x00007ffa38870000 - 0x00007ffa3887d000 	D:\Programs\Android Studio\jre\bin\management_ext.dll
0x00007ffa3e860000 - 0x00007ffa3e878000 	C:\Windows\SYSTEM32\CRYPTSP.dll
0x00007ffa3df80000 - 0x00007ffa3dfb4000 	C:\Windows\system32\rsaenh.dll
0x00007ffa3f5b0000 - 0x00007ffa3f5d7000 	C:\Windows\System32\bcrypt.dll
0x00007ffa3ed70000 - 0x00007ffa3ed9e000 	C:\Windows\SYSTEM32\USERENV.dll
0x00007ffa3e880000 - 0x00007ffa3e88c000 	C:\Windows\SYSTEM32\CRYPTBASE.dll
0x00007ffa3e310000 - 0x00007ffa3e34b000 	C:\Windows\SYSTEM32\IPHLPAPI.DLL
0x00007ffa401c0000 - 0x00007ffa401c8000 	C:\Windows\System32\NSI.dll
0x00007ffa34d30000 - 0x00007ffa34d47000 	C:\Windows\SYSTEM32\dhcpcsvc6.DLL
0x00007ffa355c0000 - 0x00007ffa355dd000 	C:\Windows\SYSTEM32\dhcpcsvc.DLL
0x00007ffa3e360000 - 0x00007ffa3e42b000 	C:\Windows\SYSTEM32\DNSAPI.dll

dbghelp: loaded successfully - version: 4.0.5 - missing functions: none
symbol engine: initialized successfully - sym options: 0x614 - pdb path: .;D:\Programs\Android Studio\jre\bin;C:\Windows\SYSTEM32;C:\Windows\WinSxS\amd64_microsoft.windows.common-controls_6595b64144ccf1df_6.0.19041.1110_none_60b5254171f9507e;D:\Programs\Android Studio\jre\bin\server;D:\Programs\Programs\instama-ovarian-cancer-master\instama-ovarian-cancer-master\.gradle\native\e1d6ef7f7dcc3fd88c89a11ec53ec762bb8ba0a96d01ffa2cd45eb1d1d8dd5c5\windows-amd64;D:\Programs\Programs\instama-ovarian-cancer-master\instama-ovarian-cancer-master\.gradle\native\5664cfc778a61ccfe75a443a1ab52a65af34e5dc3c78e0209fed803814484fcb\windows-amd64

VM Arguments:
jvm_args: --add-opens=java.base/java.util=ALL-UNNAMED --add-opens=java.base/java.lang=ALL-UNNAMED --add-opens=java.base/java.lang.invoke=ALL-UNNAMED --add-opens=java.base/java.util=ALL-UNNAMED --add-opens=java.prefs/java.util.prefs=ALL-UNNAMED --add-opens=java.prefs/java.util.prefs=ALL-UNNAMED --add-opens=java.base/java.nio.charset=ALL-UNNAMED --add-opens=java.base/java.net=ALL-UNNAMED --add-opens=java.base/java.util.concurrent.atomic=ALL-UNNAMED -Xmx2048m -Dfile.encoding=UTF-8 -Duser.country=US -Duser.language=en -Duser.variant 
java_command: org.gradle.launcher.daemon.bootstrap.GradleDaemon 7.3.3
java_class_path (initial): D:\Programs\Programs\instama-ovarian-cancer-master\instama-ovarian-cancer-master\.gradle\wrapper\dists\gradle-7.3.3-bin\6a41zxkdtcxs8rphpq6y0069z\gradle-7.3.3\lib\gradle-launcher-7.3.3.jar
Launcher Type: SUN_STANDARD

[Global flags]
     intx CICompilerCount                          = 3                                         {product} {ergonomic}
     uint ConcGCThreads                            = 1                                         {product} {ergonomic}
     uint G1ConcRefinementThreads                  = 4                                         {product} {ergonomic}
   size_t G1HeapRegionSize                         = 1048576                                   {product} {ergonomic}
    uintx GCDrainStackTargetSize                   = 64                                        {product} {ergonomic}
   size_t InitialHeapSize                          = 201326592                                 {product} {ergonomic}
   size_t MarkStackSize                            = 4194304                                   {product} {ergonomic}
   size_t MaxHeapSize                              = 2147483648                                {product} {command line}
   size_t MaxNewSize                               = 1287651328                                {product} {ergonomic}
   size_t MinHeapDeltaBytes                        = 1048576                                   {product} {ergonomic}
    uintx NonNMethodCodeHeapSize                   = 5830732                                {pd product} {ergonomic}
    uintx NonProfiledCodeHeapSize                  = 122913754                              {pd product} {ergonomic}
    uintx ProfiledCodeHeapSize                     = 122913754                              {pd product} {ergonomic}
    uintx ReservedCodeCacheSize                    = 251658240                              {pd product} {ergonomic}
     bool SegmentedCodeCache                       = true                                      {product} {ergonomic}
     bool UseCompressedClassPointers               = true                                 {lp64_product} {ergonomic}
     bool UseCompressedOops                        = true                                 {lp64_product} {ergonomic}
     bool UseG1GC                                  = true                                      {product} {ergonomic}
     bool UseLargePagesIndividualAllocation        = false                                  {pd product} {ergonomic}

Logging:
Log output configuration:
 #0: stdout all=warning uptime,level,tags
 #1: stderr all=off uptime,level,tags

Environment Variables:
JAVA_HOME=C:\Users\asus\AppData\Local\Android\Sdk
PATH=G:\Application\Common Files\Oracle\Java\javapath;C:\Windows\system32;C:\Windows;C:\Windows\System32\Wbem;C:\Windows\System32\WindowsPowerShell\v1.0\;C:\Windows\System32\OpenSSH\;C:\Program Files (x86)\NVIDIA Corporation\PhysX\Common;C:\xampp\php;C:\ProgramData\ComposerSetup\bin;D:\Programs\MikTex 2.9\miktex\bin\x64\;D:\Git\cmd;C:\Users\asus\AppData\Local\Android\Sdk\bin;C:\Users\asus\AppData\Local\Programs\Python\Python310\Scripts\;C:\Users\asus\AppData\Local\Programs\Python\Python310\;C:\Users\asus\AppData\Local\Microsoft\WindowsApps;D:\Programs\Visual Studio\Microsoft VS Code\bin;C:\Users\asus\AppData\Roaming\Composer\vendor\bin;D:\Programs\heroku\bin
USERNAME=asus
OS=Windows_NT
PROCESSOR_IDENTIFIER=Intel64 Family 6 Model 142 Stepping 9, GenuineIntel



---------------  S Y S T E M  ---------------

OS: Windows 10 , 64 bit Build 19041 (10.0.19041.1741)
OS uptime: 3 days 23:57 hours

CPU:total 4 (initial active 4) (2 cores per cpu, 2 threads per core) family 6 model 142 stepping 9 microcode 0xb4, cmov, cx8, fxsr, mmx, sse, sse2, sse3, ssse3, sse4.1, sse4.2, popcnt, avx, avx2, aes, clmul, erms, 3dnowpref, lzcnt, ht, tsc, tscinvbit, bmi1, bmi2, adx, fma

Memory: 4k page, system-wide physical 12168M (455M free)
TotalPageFile size 32967M (AvailPageFile size 3M)
current process WorkingSet (physical memory assigned to process): 321M, peak: 321M
current process commit charge ("private bytes"): 392M, peak: 397M

vm_info: OpenJDK 64-Bit Server VM (11.0.12+7-b1504.28-7817840) for windows-amd64 JRE (11.0.12+7-b1504.28-7817840), built on Oct 13 2021 22:12:33 by "builder" with MS VC++ 14.0 (VS2015)

END.
